<!DOCTYPE html>

<html>
  <head>
  <title>TestNG reports</title>

    <link type="text/css" href="testng-reports.css" rel="stylesheet" />  
    <script type="text/javascript" src="jquery-1.7.1.min.js"></script>
    <script type="text/javascript" src="testng-reports.js"></script>
    <script type="text/javascript" src="https://www.google.com/jsapi"></script>
    <script type='text/javascript'>
      google.load('visualization', '1', {packages:['table']});
      google.setOnLoadCallback(drawTable);
      var suiteTableInitFunctions = new Array();
      var suiteTableData = new Array();
    </script>
    <!--
      <script type="text/javascript" src="jquery-ui/js/jquery-ui-1.8.16.custom.min.js"></script>
     -->
  </head>

  <body>
    <div class="top-banner-root">
      <span class="top-banner-title-font">Test results</span>
      <br/>
      <span class="top-banner-font-1">1 suite, 7 failed tests</span>
    </div> <!-- top-banner-root -->
    <div class="navigator-root">
      <div class="navigator-suite-header">
        <span>All suites</span>
        <a href="#" class="collapse-all-link" title="Collapse/expand all the suites">
          <img class="collapse-all-icon" src="collapseall.gif">
          </img> <!-- collapse-all-icon -->
        </a> <!-- collapse-all-link -->
      </div> <!-- navigator-suite-header -->
      <div class="suite">
        <div class="rounded-window">
          <div class="suite-header light-rounded-window-top">
            <a href="#" class="navigator-link" panel-name="suite-Default_suite">
              <span class="suite-name border-failed">Default suite</span>
            </a> <!-- navigator-link -->
          </div> <!-- suite-header light-rounded-window-top -->
          <div class="navigator-suite-content">
            <div class="suite-section-title">
              <span>Info</span>
            </div> <!-- suite-section-title -->
            <div class="suite-section-content">
              <ul>
                <li>
                  <a href="#" class="navigator-link " panel-name="test-xml-Default_suite">
                    <span>C:\Users\Galka\AppData\Local\Temp\testng-eclipse--658464337\testng-customsuite.xml</span>
                  </a> <!-- navigator-link  -->
                </li>
                <li>
                  <a href="#" class="navigator-link " panel-name="testlist-Default_suite">
                    <span class="test-stats">1 test</span>
                  </a> <!-- navigator-link  -->
                </li>
                <li>
                  <a href="#" class="navigator-link " panel-name="group-Default_suite">
                    <span>0 groups</span>
                  </a> <!-- navigator-link  -->
                </li>
                <li>
                  <a href="#" class="navigator-link " panel-name="times-Default_suite">
                    <span>Times</span>
                  </a> <!-- navigator-link  -->
                </li>
                <li>
                  <a href="#" class="navigator-link " panel-name="reporter-Default_suite">
                    <span>Reporter output</span>
                  </a> <!-- navigator-link  -->
                </li>
                <li>
                  <a href="#" class="navigator-link " panel-name="ignored-methods-Default_suite">
                    <span>Ignored methods</span>
                  </a> <!-- navigator-link  -->
                </li>
                <li>
                  <a href="#" class="navigator-link " panel-name="chronological-Default_suite">
                    <span>Chronological view</span>
                  </a> <!-- navigator-link  -->
                </li>
              </ul>
            </div> <!-- suite-section-content -->
            <div class="result-section">
              <div class="suite-section-title">
                <span>Results</span>
              </div> <!-- suite-section-title -->
              <div class="suite-section-content">
                <ul>
                  <li>
                    <span class="method-stats">7 methods, 7 failed,   </span>
                  </li>
                  <li>
                    <span class="method-list-title failed">Failed methods</span>
                    <span class="show-or-hide-methods failed">
                      <a href="#" panel-name="suite-Default_suite" class="hide-methods failed suite-Default_suite"> (hide)</a> <!-- hide-methods failed suite-Default_suite -->
                      <a href="#" panel-name="suite-Default_suite" class="show-methods failed suite-Default_suite"> (show)</a> <!-- show-methods failed suite-Default_suite -->
                    </span>
                    <div class="method-list-content failed suite-Default_suite">
                      <span>
                        <img width="3%" src="failed.png"/>
                        <a href="#" class="method navigator-link" panel-name="suite-Default_suite" title="galka.streletskaya.myProject.TestSuite" hash-for-method="Test_01(abc, Email address should match current format: username@domain.)">Test_01(abc, Email address should match current format: username@domain.)</a> <!-- method navigator-link -->
                      </span>
                      <br/>
                      <span>
                        <img width="3%" src="failed.png"/>
                        <a href="#" class="method navigator-link" panel-name="suite-Default_suite" title="galka.streletskaya.myProject.TestSuite" hash-for-method="Test_01(Abc.example.com, A &#039;@&#039; character must separate the local and domain parts!)">Test_01(Abc.example.com, A '@' character must separate the local and domain parts!)</a> <!-- method navigator-link -->
                      </span>
                      <br/>
                      <span>
                        <img width="3%" src="failed.png"/>
                        <a href="#" class="method navigator-link" panel-name="suite-Default_suite" title="galka.streletskaya.myProject.TestSuite" hash-for-method="Test_01(a&quot;b(c)d,e:f;g&lt;h&gt;i[j\k]l@example.com, None of the special characters in local part are allowed outsid...)">Test_01(a"b(c)d,e:f;g<h>i[j\k]l@example.com, None of the special characters in local part are allowed outsid...)</a> <!-- method navigator-link -->
                      </span>
                      <br/>
                      <span>
                        <img width="3%" src="failed.png"/>
                        <a href="#" class="method navigator-link" panel-name="suite-Default_suite" title="galka.streletskaya.myProject.TestSuite" hash-for-method="Test_01(john.doe@example..com, Double dot is not allowed after &#039;@&#039; symbol!)">Test_01(john.doe@example..com, Double dot is not allowed after '@' symbol!)</a> <!-- method navigator-link -->
                      </span>
                      <br/>
                      <span>
                        <img width="3%" src="failed.png"/>
                        <a href="#" class="method navigator-link" panel-name="suite-Default_suite" title="galka.streletskaya.myProject.TestSuite" hash-for-method="Test_01(just&quot;not&quot;right@example.com, Quoted strings must be dot separated or the only element making up the l...)">Test_01(just"not"right@example.com, Quoted strings must be dot separated or the only element making up the l...)</a> <!-- method navigator-link -->
                      </span>
                      <br/>
                      <span>
                        <img width="3%" src="failed.png"/>
                        <a href="#" class="method navigator-link" panel-name="suite-Default_suite" title="galka.streletskaya.myProject.TestSuite" hash-for-method="Test_01(A@b@c@example.com, Only one &#039;@&#039; symbol is allowed!)">Test_01(A@b@c@example.com, Only one '@' symbol is allowed!)</a> <!-- method navigator-link -->
                      </span>
                      <br/>
                      <span>
                        <img width="3%" src="failed.png"/>
                        <a href="#" class="method navigator-link" panel-name="suite-Default_suite" title="galka.streletskaya.myProject.TestSuite" hash-for-method="Test_01(john..doe@example.com, Double dot is not allowed before &#039;@&#039; symbol!)">Test_01(john..doe@example.com, Double dot is not allowed before '@' symbol!)</a> <!-- method navigator-link -->
                      </span>
                      <br/>
                    </div> <!-- method-list-content failed suite-Default_suite -->
                  </li>
                </ul>
              </div> <!-- suite-section-content -->
            </div> <!-- result-section -->
          </div> <!-- navigator-suite-content -->
        </div> <!-- rounded-window -->
      </div> <!-- suite -->
    </div> <!-- navigator-root -->
    <div class="wrapper">
      <div class="main-panel-root">
        <div panel-name="suite-Default_suite" class="panel Default_suite">
          <div class="suite-Default_suite-class-failed">
            <div class="main-panel-header rounded-window-top">
              <img src="failed.png"/>
              <span class="class-name">galka.streletskaya.myProject.TestSuite</span>
            </div> <!-- main-panel-header rounded-window-top -->
            <div class="main-panel-content rounded-window-bottom">
              <div class="method">
                <div class="method-content">
                  <a name="Test_01(abc, Email address should match current format: username@domain.)">
                  </a> <!-- Test_01(abc, Email address should match current format: username@domain.) -->
                  <span class="method-name">Test_01</span>
                  <span class="parameters">(abc, Email address should match current format: username@domain.)</span>
                  <div class="stack-trace">java.lang.Exception: Assertion Error has occured:  
[Assertion Error has occured:Expected error message: &apos;A &apos;@&apos; character must separate the local and domain parts!&apos;, doesn&apos;t match the current one: &apos;Login failed. Please check User Name and password.&apos;, Assertion Error has occured:Expected error message: &apos;Only one &apos;@&apos; symbol is allowed!&apos;, doesn&apos;t match the current one: &apos;Login failed. Please check User Name and password.&apos;, Assertion Error has occured:Expected error message: &apos;None of the special characters in local part are allowed outside quotation marks!&apos;, doesn&apos;t match the current one: &apos;Login failed. Please check User Name and password.&apos;, Assertion Error has occured:Expected error message: &apos;Quoted strings must be dot separated or the only element making up the local-part!&apos;, doesn&apos;t match the current one: &apos;Login failed. Please check User Name and password.&apos;, Assertion Error has occured:Expected error message: &apos;Double dot is not allowed before &apos;@&apos; symbol!&apos;, doesn&apos;t match the current one: &apos;Login failed. Please check User Name and password.&apos;, Assertion Error has occured:Expected error message: &apos;Double dot is not allowed after &apos;@&apos; symbol!&apos;, doesn&apos;t match the current one: &apos;Login failed. Please check User Name and password.&apos;, Assertion Error has occured:Expected error message: &apos;Email address should match current format: username@domain.&apos;, doesn&apos;t match the current one: &apos;Login failed. Please check User Name and password.&apos;]
	at utils.AssertHandler.verifyNoAssertionFailed(AssertHandler.java:46)
	at galka.streletskaya.myProject.TestSuite.Test_01(TestSuite.java:35)
	at sun.reflect.NativeMethodAccessorImpl.invoke0(Native Method)
	at sun.reflect.NativeMethodAccessorImpl.invoke(NativeMethodAccessorImpl.java:62)
	at sun.reflect.DelegatingMethodAccessorImpl.invoke(DelegatingMethodAccessorImpl.java:43)
	at java.lang.reflect.Method.invoke(Method.java:497)
	at org.testng.internal.MethodInvocationHelper.invokeMethod(MethodInvocationHelper.java:85)
	at org.testng.internal.Invoker.invokeMethod(Invoker.java:659)
	at org.testng.internal.Invoker.invokeTestMethod(Invoker.java:845)
	at org.testng.internal.Invoker.invokeTestMethods(Invoker.java:1153)
	at org.testng.internal.TestMethodWorker.invokeTestMethods(TestMethodWorker.java:125)
	at org.testng.internal.TestMethodWorker.run(TestMethodWorker.java:108)
	at org.testng.TestRunner.privateRun(TestRunner.java:771)
	at org.testng.TestRunner.run(TestRunner.java:621)
	at org.testng.SuiteRunner.runTest(SuiteRunner.java:357)
	at org.testng.SuiteRunner.runSequentially(SuiteRunner.java:352)
	at org.testng.SuiteRunner.privateRun(SuiteRunner.java:310)
	at org.testng.SuiteRunner.run(SuiteRunner.java:259)
	at org.testng.SuiteRunnerWorker.runSuite(SuiteRunnerWorker.java:52)
	at org.testng.SuiteRunnerWorker.run(SuiteRunnerWorker.java:86)
	at org.testng.TestNG.runSuitesSequentially(TestNG.java:1199)
	at org.testng.TestNG.runSuitesLocally(TestNG.java:1124)
	at org.testng.TestNG.run(TestNG.java:1032)
	at org.testng.remote.RemoteTestNG.run(RemoteTestNG.java:111)
	at org.testng.remote.RemoteTestNG.initAndRun(RemoteTestNG.java:204)
	at org.testng.remote.RemoteTestNG.main(RemoteTestNG.java:175)

</div> <!-- stack-trace -->
                </div> <!-- method-content -->
              </div> <!-- method -->
              <div class="method">
                <div class="method-content">
                  <a name="Test_01(Abc.example.com, A &#039;@&#039; character must separate the local and domain parts!)">
                  </a> <!-- Test_01(Abc.example.com, A '@' character must separate the local and domain parts!) -->
                  <span class="method-name">Test_01</span>
                  <span class="parameters">(Abc.example.com, A '@' character must separate the local and domain parts!)</span>
                  <div class="stack-trace">java.lang.Exception: Assertion Error has occured:  
[Assertion Error has occured:Expected error message: &apos;A &apos;@&apos; character must separate the local and domain parts!&apos;, doesn&apos;t match the current one: &apos;Login failed. Please check User Name and password.&apos;]
	at utils.AssertHandler.verifyNoAssertionFailed(AssertHandler.java:46)
	at galka.streletskaya.myProject.TestSuite.Test_01(TestSuite.java:35)
	at sun.reflect.NativeMethodAccessorImpl.invoke0(Native Method)
	at sun.reflect.NativeMethodAccessorImpl.invoke(NativeMethodAccessorImpl.java:62)
	at sun.reflect.DelegatingMethodAccessorImpl.invoke(DelegatingMethodAccessorImpl.java:43)
	at java.lang.reflect.Method.invoke(Method.java:497)
	at org.testng.internal.MethodInvocationHelper.invokeMethod(MethodInvocationHelper.java:85)
	at org.testng.internal.Invoker.invokeMethod(Invoker.java:659)
	at org.testng.internal.Invoker.invokeTestMethod(Invoker.java:845)
	at org.testng.internal.Invoker.invokeTestMethods(Invoker.java:1153)
	at org.testng.internal.TestMethodWorker.invokeTestMethods(TestMethodWorker.java:125)
	at org.testng.internal.TestMethodWorker.run(TestMethodWorker.java:108)
	at org.testng.TestRunner.privateRun(TestRunner.java:771)
	at org.testng.TestRunner.run(TestRunner.java:621)
	at org.testng.SuiteRunner.runTest(SuiteRunner.java:357)
	at org.testng.SuiteRunner.runSequentially(SuiteRunner.java:352)
	at org.testng.SuiteRunner.privateRun(SuiteRunner.java:310)
	at org.testng.SuiteRunner.run(SuiteRunner.java:259)
	at org.testng.SuiteRunnerWorker.runSuite(SuiteRunnerWorker.java:52)
	at org.testng.SuiteRunnerWorker.run(SuiteRunnerWorker.java:86)
	at org.testng.TestNG.runSuitesSequentially(TestNG.java:1199)
	at org.testng.TestNG.runSuitesLocally(TestNG.java:1124)
	at org.testng.TestNG.run(TestNG.java:1032)
	at org.testng.remote.RemoteTestNG.run(RemoteTestNG.java:111)
	at org.testng.remote.RemoteTestNG.initAndRun(RemoteTestNG.java:204)
	at org.testng.remote.RemoteTestNG.main(RemoteTestNG.java:175)

</div> <!-- stack-trace -->
                </div> <!-- method-content -->
              </div> <!-- method -->
              <div class="method">
                <div class="method-content">
                  <a name="Test_01(a&quot;b(c)d,e:f;g&lt;h&gt;i[j\k]l@example.com, None of the special characters in local part are allowed outsid...)">
                  </a> <!-- Test_01(a"b(c)d,e:f;g<h>i[j\k]l@example.com, None of the special characters in local part are allowed outsid...) -->
                  <span class="method-name">Test_01</span>
                  <span class="parameters">(a"b(c)d,e:f;g<h>i[j\k]l@example.com, None of the special characters in local part are allowed outside quotation marks!)</span>
                  <div class="stack-trace">java.lang.Exception: Assertion Error has occured:  
[Assertion Error has occured:Expected error message: &apos;A &apos;@&apos; character must separate the local and domain parts!&apos;, doesn&apos;t match the current one: &apos;Login failed. Please check User Name and password.&apos;, Assertion Error has occured:Expected error message: &apos;Only one &apos;@&apos; symbol is allowed!&apos;, doesn&apos;t match the current one: &apos;Login failed. Please check User Name and password.&apos;, Assertion Error has occured:Expected error message: &apos;None of the special characters in local part are allowed outside quotation marks!&apos;, doesn&apos;t match the current one: &apos;Login failed. Please check User Name and password.&apos;]
	at utils.AssertHandler.verifyNoAssertionFailed(AssertHandler.java:46)
	at galka.streletskaya.myProject.TestSuite.Test_01(TestSuite.java:35)
	at sun.reflect.NativeMethodAccessorImpl.invoke0(Native Method)
	at sun.reflect.NativeMethodAccessorImpl.invoke(NativeMethodAccessorImpl.java:62)
	at sun.reflect.DelegatingMethodAccessorImpl.invoke(DelegatingMethodAccessorImpl.java:43)
	at java.lang.reflect.Method.invoke(Method.java:497)
	at org.testng.internal.MethodInvocationHelper.invokeMethod(MethodInvocationHelper.java:85)
	at org.testng.internal.Invoker.invokeMethod(Invoker.java:659)
	at org.testng.internal.Invoker.invokeTestMethod(Invoker.java:845)
	at org.testng.internal.Invoker.invokeTestMethods(Invoker.java:1153)
	at org.testng.internal.TestMethodWorker.invokeTestMethods(TestMethodWorker.java:125)
	at org.testng.internal.TestMethodWorker.run(TestMethodWorker.java:108)
	at org.testng.TestRunner.privateRun(TestRunner.java:771)
	at org.testng.TestRunner.run(TestRunner.java:621)
	at org.testng.SuiteRunner.runTest(SuiteRunner.java:357)
	at org.testng.SuiteRunner.runSequentially(SuiteRunner.java:352)
	at org.testng.SuiteRunner.privateRun(SuiteRunner.java:310)
	at org.testng.SuiteRunner.run(SuiteRunner.java:259)
	at org.testng.SuiteRunnerWorker.runSuite(SuiteRunnerWorker.java:52)
	at org.testng.SuiteRunnerWorker.run(SuiteRunnerWorker.java:86)
	at org.testng.TestNG.runSuitesSequentially(TestNG.java:1199)
	at org.testng.TestNG.runSuitesLocally(TestNG.java:1124)
	at org.testng.TestNG.run(TestNG.java:1032)
	at org.testng.remote.RemoteTestNG.run(RemoteTestNG.java:111)
	at org.testng.remote.RemoteTestNG.initAndRun(RemoteTestNG.java:204)
	at org.testng.remote.RemoteTestNG.main(RemoteTestNG.java:175)

</div> <!-- stack-trace -->
                </div> <!-- method-content -->
              </div> <!-- method -->
              <div class="method">
                <div class="method-content">
                  <a name="Test_01(john.doe@example..com, Double dot is not allowed after &#039;@&#039; symbol!)">
                  </a> <!-- Test_01(john.doe@example..com, Double dot is not allowed after '@' symbol!) -->
                  <span class="method-name">Test_01</span>
                  <span class="parameters">(john.doe@example..com, Double dot is not allowed after '@' symbol!)</span>
                  <div class="stack-trace">java.lang.Exception: Assertion Error has occured:  
[Assertion Error has occured:Expected error message: &apos;A &apos;@&apos; character must separate the local and domain parts!&apos;, doesn&apos;t match the current one: &apos;Login failed. Please check User Name and password.&apos;, Assertion Error has occured:Expected error message: &apos;Only one &apos;@&apos; symbol is allowed!&apos;, doesn&apos;t match the current one: &apos;Login failed. Please check User Name and password.&apos;, Assertion Error has occured:Expected error message: &apos;None of the special characters in local part are allowed outside quotation marks!&apos;, doesn&apos;t match the current one: &apos;Login failed. Please check User Name and password.&apos;, Assertion Error has occured:Expected error message: &apos;Quoted strings must be dot separated or the only element making up the local-part!&apos;, doesn&apos;t match the current one: &apos;Login failed. Please check User Name and password.&apos;, Assertion Error has occured:Expected error message: &apos;Double dot is not allowed before &apos;@&apos; symbol!&apos;, doesn&apos;t match the current one: &apos;Login failed. Please check User Name and password.&apos;, Assertion Error has occured:Expected error message: &apos;Double dot is not allowed after &apos;@&apos; symbol!&apos;, doesn&apos;t match the current one: &apos;Login failed. Please check User Name and password.&apos;]
	at utils.AssertHandler.verifyNoAssertionFailed(AssertHandler.java:46)
	at galka.streletskaya.myProject.TestSuite.Test_01(TestSuite.java:35)
	at sun.reflect.NativeMethodAccessorImpl.invoke0(Native Method)
	at sun.reflect.NativeMethodAccessorImpl.invoke(NativeMethodAccessorImpl.java:62)
	at sun.reflect.DelegatingMethodAccessorImpl.invoke(DelegatingMethodAccessorImpl.java:43)
	at java.lang.reflect.Method.invoke(Method.java:497)
	at org.testng.internal.MethodInvocationHelper.invokeMethod(MethodInvocationHelper.java:85)
	at org.testng.internal.Invoker.invokeMethod(Invoker.java:659)
	at org.testng.internal.Invoker.invokeTestMethod(Invoker.java:845)
	at org.testng.internal.Invoker.invokeTestMethods(Invoker.java:1153)
	at org.testng.internal.TestMethodWorker.invokeTestMethods(TestMethodWorker.java:125)
	at org.testng.internal.TestMethodWorker.run(TestMethodWorker.java:108)
	at org.testng.TestRunner.privateRun(TestRunner.java:771)
	at org.testng.TestRunner.run(TestRunner.java:621)
	at org.testng.SuiteRunner.runTest(SuiteRunner.java:357)
	at org.testng.SuiteRunner.runSequentially(SuiteRunner.java:352)
	at org.testng.SuiteRunner.privateRun(SuiteRunner.java:310)
	at org.testng.SuiteRunner.run(SuiteRunner.java:259)
	at org.testng.SuiteRunnerWorker.runSuite(SuiteRunnerWorker.java:52)
	at org.testng.SuiteRunnerWorker.run(SuiteRunnerWorker.java:86)
	at org.testng.TestNG.runSuitesSequentially(TestNG.java:1199)
	at org.testng.TestNG.runSuitesLocally(TestNG.java:1124)
	at org.testng.TestNG.run(TestNG.java:1032)
	at org.testng.remote.RemoteTestNG.run(RemoteTestNG.java:111)
	at org.testng.remote.RemoteTestNG.initAndRun(RemoteTestNG.java:204)
	at org.testng.remote.RemoteTestNG.main(RemoteTestNG.java:175)

</div> <!-- stack-trace -->
                </div> <!-- method-content -->
              </div> <!-- method -->
              <div class="method">
                <div class="method-content">
                  <a name="Test_01(just&quot;not&quot;right@example.com, Quoted strings must be dot separated or the only element making up the l...)">
                  </a> <!-- Test_01(just"not"right@example.com, Quoted strings must be dot separated or the only element making up the l...) -->
                  <span class="method-name">Test_01</span>
                  <span class="parameters">(just"not"right@example.com, Quoted strings must be dot separated or the only element making up the local-part!)</span>
                  <div class="stack-trace">java.lang.Exception: Assertion Error has occured:  
[Assertion Error has occured:Expected error message: &apos;A &apos;@&apos; character must separate the local and domain parts!&apos;, doesn&apos;t match the current one: &apos;Login failed. Please check User Name and password.&apos;, Assertion Error has occured:Expected error message: &apos;Only one &apos;@&apos; symbol is allowed!&apos;, doesn&apos;t match the current one: &apos;Login failed. Please check User Name and password.&apos;, Assertion Error has occured:Expected error message: &apos;None of the special characters in local part are allowed outside quotation marks!&apos;, doesn&apos;t match the current one: &apos;Login failed. Please check User Name and password.&apos;, Assertion Error has occured:Expected error message: &apos;Quoted strings must be dot separated or the only element making up the local-part!&apos;, doesn&apos;t match the current one: &apos;Login failed. Please check User Name and password.&apos;]
	at utils.AssertHandler.verifyNoAssertionFailed(AssertHandler.java:46)
	at galka.streletskaya.myProject.TestSuite.Test_01(TestSuite.java:35)
	at sun.reflect.NativeMethodAccessorImpl.invoke0(Native Method)
	at sun.reflect.NativeMethodAccessorImpl.invoke(NativeMethodAccessorImpl.java:62)
	at sun.reflect.DelegatingMethodAccessorImpl.invoke(DelegatingMethodAccessorImpl.java:43)
	at java.lang.reflect.Method.invoke(Method.java:497)
	at org.testng.internal.MethodInvocationHelper.invokeMethod(MethodInvocationHelper.java:85)
	at org.testng.internal.Invoker.invokeMethod(Invoker.java:659)
	at org.testng.internal.Invoker.invokeTestMethod(Invoker.java:845)
	at org.testng.internal.Invoker.invokeTestMethods(Invoker.java:1153)
	at org.testng.internal.TestMethodWorker.invokeTestMethods(TestMethodWorker.java:125)
	at org.testng.internal.TestMethodWorker.run(TestMethodWorker.java:108)
	at org.testng.TestRunner.privateRun(TestRunner.java:771)
	at org.testng.TestRunner.run(TestRunner.java:621)
	at org.testng.SuiteRunner.runTest(SuiteRunner.java:357)
	at org.testng.SuiteRunner.runSequentially(SuiteRunner.java:352)
	at org.testng.SuiteRunner.privateRun(SuiteRunner.java:310)
	at org.testng.SuiteRunner.run(SuiteRunner.java:259)
	at org.testng.SuiteRunnerWorker.runSuite(SuiteRunnerWorker.java:52)
	at org.testng.SuiteRunnerWorker.run(SuiteRunnerWorker.java:86)
	at org.testng.TestNG.runSuitesSequentially(TestNG.java:1199)
	at org.testng.TestNG.runSuitesLocally(TestNG.java:1124)
	at org.testng.TestNG.run(TestNG.java:1032)
	at org.testng.remote.RemoteTestNG.run(RemoteTestNG.java:111)
	at org.testng.remote.RemoteTestNG.initAndRun(RemoteTestNG.java:204)
	at org.testng.remote.RemoteTestNG.main(RemoteTestNG.java:175)

</div> <!-- stack-trace -->
                </div> <!-- method-content -->
              </div> <!-- method -->
              <div class="method">
                <div class="method-content">
                  <a name="Test_01(A@b@c@example.com, Only one &#039;@&#039; symbol is allowed!)">
                  </a> <!-- Test_01(A@b@c@example.com, Only one '@' symbol is allowed!) -->
                  <span class="method-name">Test_01</span>
                  <span class="parameters">(A@b@c@example.com, Only one '@' symbol is allowed!)</span>
                  <div class="stack-trace">java.lang.Exception: Assertion Error has occured:  
[Assertion Error has occured:Expected error message: &apos;A &apos;@&apos; character must separate the local and domain parts!&apos;, doesn&apos;t match the current one: &apos;Login failed. Please check User Name and password.&apos;, Assertion Error has occured:Expected error message: &apos;Only one &apos;@&apos; symbol is allowed!&apos;, doesn&apos;t match the current one: &apos;Login failed. Please check User Name and password.&apos;]
	at utils.AssertHandler.verifyNoAssertionFailed(AssertHandler.java:46)
	at galka.streletskaya.myProject.TestSuite.Test_01(TestSuite.java:35)
	at sun.reflect.NativeMethodAccessorImpl.invoke0(Native Method)
	at sun.reflect.NativeMethodAccessorImpl.invoke(NativeMethodAccessorImpl.java:62)
	at sun.reflect.DelegatingMethodAccessorImpl.invoke(DelegatingMethodAccessorImpl.java:43)
	at java.lang.reflect.Method.invoke(Method.java:497)
	at org.testng.internal.MethodInvocationHelper.invokeMethod(MethodInvocationHelper.java:85)
	at org.testng.internal.Invoker.invokeMethod(Invoker.java:659)
	at org.testng.internal.Invoker.invokeTestMethod(Invoker.java:845)
	at org.testng.internal.Invoker.invokeTestMethods(Invoker.java:1153)
	at org.testng.internal.TestMethodWorker.invokeTestMethods(TestMethodWorker.java:125)
	at org.testng.internal.TestMethodWorker.run(TestMethodWorker.java:108)
	at org.testng.TestRunner.privateRun(TestRunner.java:771)
	at org.testng.TestRunner.run(TestRunner.java:621)
	at org.testng.SuiteRunner.runTest(SuiteRunner.java:357)
	at org.testng.SuiteRunner.runSequentially(SuiteRunner.java:352)
	at org.testng.SuiteRunner.privateRun(SuiteRunner.java:310)
	at org.testng.SuiteRunner.run(SuiteRunner.java:259)
	at org.testng.SuiteRunnerWorker.runSuite(SuiteRunnerWorker.java:52)
	at org.testng.SuiteRunnerWorker.run(SuiteRunnerWorker.java:86)
	at org.testng.TestNG.runSuitesSequentially(TestNG.java:1199)
	at org.testng.TestNG.runSuitesLocally(TestNG.java:1124)
	at org.testng.TestNG.run(TestNG.java:1032)
	at org.testng.remote.RemoteTestNG.run(RemoteTestNG.java:111)
	at org.testng.remote.RemoteTestNG.initAndRun(RemoteTestNG.java:204)
	at org.testng.remote.RemoteTestNG.main(RemoteTestNG.java:175)

</div> <!-- stack-trace -->
                </div> <!-- method-content -->
              </div> <!-- method -->
              <div class="method">
                <div class="method-content">
                  <a name="Test_01(john..doe@example.com, Double dot is not allowed before &#039;@&#039; symbol!)">
                  </a> <!-- Test_01(john..doe@example.com, Double dot is not allowed before '@' symbol!) -->
                  <span class="method-name">Test_01</span>
                  <span class="parameters">(john..doe@example.com, Double dot is not allowed before '@' symbol!)</span>
                  <div class="stack-trace">java.lang.Exception: Assertion Error has occured:  
[Assertion Error has occured:Expected error message: &apos;A &apos;@&apos; character must separate the local and domain parts!&apos;, doesn&apos;t match the current one: &apos;Login failed. Please check User Name and password.&apos;, Assertion Error has occured:Expected error message: &apos;Only one &apos;@&apos; symbol is allowed!&apos;, doesn&apos;t match the current one: &apos;Login failed. Please check User Name and password.&apos;, Assertion Error has occured:Expected error message: &apos;None of the special characters in local part are allowed outside quotation marks!&apos;, doesn&apos;t match the current one: &apos;Login failed. Please check User Name and password.&apos;, Assertion Error has occured:Expected error message: &apos;Quoted strings must be dot separated or the only element making up the local-part!&apos;, doesn&apos;t match the current one: &apos;Login failed. Please check User Name and password.&apos;, Assertion Error has occured:Expected error message: &apos;Double dot is not allowed before &apos;@&apos; symbol!&apos;, doesn&apos;t match the current one: &apos;Login failed. Please check User Name and password.&apos;]
	at utils.AssertHandler.verifyNoAssertionFailed(AssertHandler.java:46)
	at galka.streletskaya.myProject.TestSuite.Test_01(TestSuite.java:35)
	at sun.reflect.NativeMethodAccessorImpl.invoke0(Native Method)
	at sun.reflect.NativeMethodAccessorImpl.invoke(NativeMethodAccessorImpl.java:62)
	at sun.reflect.DelegatingMethodAccessorImpl.invoke(DelegatingMethodAccessorImpl.java:43)
	at java.lang.reflect.Method.invoke(Method.java:497)
	at org.testng.internal.MethodInvocationHelper.invokeMethod(MethodInvocationHelper.java:85)
	at org.testng.internal.Invoker.invokeMethod(Invoker.java:659)
	at org.testng.internal.Invoker.invokeTestMethod(Invoker.java:845)
	at org.testng.internal.Invoker.invokeTestMethods(Invoker.java:1153)
	at org.testng.internal.TestMethodWorker.invokeTestMethods(TestMethodWorker.java:125)
	at org.testng.internal.TestMethodWorker.run(TestMethodWorker.java:108)
	at org.testng.TestRunner.privateRun(TestRunner.java:771)
	at org.testng.TestRunner.run(TestRunner.java:621)
	at org.testng.SuiteRunner.runTest(SuiteRunner.java:357)
	at org.testng.SuiteRunner.runSequentially(SuiteRunner.java:352)
	at org.testng.SuiteRunner.privateRun(SuiteRunner.java:310)
	at org.testng.SuiteRunner.run(SuiteRunner.java:259)
	at org.testng.SuiteRunnerWorker.runSuite(SuiteRunnerWorker.java:52)
	at org.testng.SuiteRunnerWorker.run(SuiteRunnerWorker.java:86)
	at org.testng.TestNG.runSuitesSequentially(TestNG.java:1199)
	at org.testng.TestNG.runSuitesLocally(TestNG.java:1124)
	at org.testng.TestNG.run(TestNG.java:1032)
	at org.testng.remote.RemoteTestNG.run(RemoteTestNG.java:111)
	at org.testng.remote.RemoteTestNG.initAndRun(RemoteTestNG.java:204)
	at org.testng.remote.RemoteTestNG.main(RemoteTestNG.java:175)

</div> <!-- stack-trace -->
                </div> <!-- method-content -->
              </div> <!-- method -->
            </div> <!-- main-panel-content rounded-window-bottom -->
          </div> <!-- suite-Default_suite-class-failed -->
        </div> <!-- panel Default_suite -->
        <div panel-name="test-xml-Default_suite" class="panel">
          <div class="main-panel-header rounded-window-top">
            <span class="header-content">C:\Users\Galka\AppData\Local\Temp\testng-eclipse--658464337\testng-customsuite.xml</span>
          </div> <!-- main-panel-header rounded-window-top -->
          <div class="main-panel-content rounded-window-bottom">
            <pre>
&lt;?xml version=&quot;1.0&quot; encoding=&quot;UTF-8&quot;?&gt;
&lt;!DOCTYPE suite SYSTEM &quot;http://testng.org/testng-1.0.dtd&quot;&gt;
&lt;suite name=&quot;Default suite&quot;&gt;
  &lt;test verbose=&quot;2&quot; name=&quot;Default test&quot;&gt;
    &lt;classes&gt;
      &lt;class name=&quot;galka.streletskaya.myProject.TestSuite&quot;/&gt;
    &lt;/classes&gt;
  &lt;/test&gt; &lt;!-- Default test --&gt;
&lt;/suite&gt; &lt;!-- Default suite --&gt;
            </pre>
          </div> <!-- main-panel-content rounded-window-bottom -->
        </div> <!-- panel -->
        <div panel-name="testlist-Default_suite" class="panel">
          <div class="main-panel-header rounded-window-top">
            <span class="header-content">Tests for Default suite</span>
          </div> <!-- main-panel-header rounded-window-top -->
          <div class="main-panel-content rounded-window-bottom">
            <ul>
              <li>
                <span class="test-name">Default test (1 class)</span>
              </li>
            </ul>
          </div> <!-- main-panel-content rounded-window-bottom -->
        </div> <!-- panel -->
        <div panel-name="group-Default_suite" class="panel">
          <div class="main-panel-header rounded-window-top">
            <span class="header-content">Groups for Default suite</span>
          </div> <!-- main-panel-header rounded-window-top -->
          <div class="main-panel-content rounded-window-bottom">
          </div> <!-- main-panel-content rounded-window-bottom -->
        </div> <!-- panel -->
        <div panel-name="times-Default_suite" class="panel">
          <div class="main-panel-header rounded-window-top">
            <span class="header-content">Times for Default suite</span>
          </div> <!-- main-panel-header rounded-window-top -->
          <div class="main-panel-content rounded-window-bottom">
            <div class="times-div">
              <script type="text/javascript">
suiteTableInitFunctions.push('tableData_Default_suite');
function tableData_Default_suite() {
var data = new google.visualization.DataTable();
data.addColumn('number', 'Number');
data.addColumn('string', 'Method');
data.addColumn('string', 'Class');
data.addColumn('number', 'Time (ms)');
data.addRows(7);
data.setCell(0, 0, 0)
data.setCell(0, 1, 'Test_01')
data.setCell(0, 2, 'galka.streletskaya.myProject.TestSuite')
data.setCell(0, 3, 17803);
data.setCell(1, 0, 1)
data.setCell(1, 1, 'Test_01')
data.setCell(1, 2, 'galka.streletskaya.myProject.TestSuite')
data.setCell(1, 3, 8728);
data.setCell(2, 0, 2)
data.setCell(2, 1, 'Test_01')
data.setCell(2, 2, 'galka.streletskaya.myProject.TestSuite')
data.setCell(2, 3, 8692);
data.setCell(3, 0, 3)
data.setCell(3, 1, 'Test_01')
data.setCell(3, 2, 'galka.streletskaya.myProject.TestSuite')
data.setCell(3, 3, 8639);
data.setCell(4, 0, 4)
data.setCell(4, 1, 'Test_01')
data.setCell(4, 2, 'galka.streletskaya.myProject.TestSuite')
data.setCell(4, 3, 8494);
data.setCell(5, 0, 5)
data.setCell(5, 1, 'Test_01')
data.setCell(5, 2, 'galka.streletskaya.myProject.TestSuite')
data.setCell(5, 3, 8375);
data.setCell(6, 0, 6)
data.setCell(6, 1, 'Test_01')
data.setCell(6, 2, 'galka.streletskaya.myProject.TestSuite')
data.setCell(6, 3, 8344);
window.suiteTableData['Default_suite']= { tableData: data, tableDiv: 'times-div-Default_suite'}
return data;
}
              </script>
              <span class="suite-total-time">Total running time: 1 minutes</span>
              <div id="times-div-Default_suite">
              </div> <!-- times-div-Default_suite -->
            </div> <!-- times-div -->
          </div> <!-- main-panel-content rounded-window-bottom -->
        </div> <!-- panel -->
        <div panel-name="reporter-Default_suite" class="panel">
          <div class="main-panel-header rounded-window-top">
            <span class="header-content">Reporter output for Default suite</span>
          </div> <!-- main-panel-header rounded-window-top -->
          <div class="main-panel-content rounded-window-bottom">
          </div> <!-- main-panel-content rounded-window-bottom -->
        </div> <!-- panel -->
        <div panel-name="ignored-methods-Default_suite" class="panel">
          <div class="main-panel-header rounded-window-top">
            <span class="header-content">0 ignored methods</span>
          </div> <!-- main-panel-header rounded-window-top -->
          <div class="main-panel-content rounded-window-bottom">
          </div> <!-- main-panel-content rounded-window-bottom -->
        </div> <!-- panel -->
        <div panel-name="chronological-Default_suite" class="panel">
          <div class="main-panel-header rounded-window-top">
            <span class="header-content">Methods in chronological order</span>
          </div> <!-- main-panel-header rounded-window-top -->
          <div class="main-panel-content rounded-window-bottom">
            <div class="chronological-class">
              <div class="chronological-class-name">galka.streletskaya.myProject.TestSuite</div> <!-- chronological-class-name -->
              <div class="configuration-test before">
                <span class="method-name">setUp</span>
                <span class="method-start">0 ms</span>
              </div> <!-- configuration-test before -->
              <div class="test-method">
                <img src="failed.png">
                </img>
                <span class="method-name">Test_01(Abc.example.com, A '@' character must separate the local and domain parts!)</span>
                <span class="method-start">2084 ms</span>
              </div> <!-- test-method -->
              <div class="test-method">
                <img src="failed.png">
                </img>
                <span class="method-name">Test_01(A@b@c@example.com, Only one '@' symbol is allowed!)</span>
                <span class="method-start">19887 ms</span>
              </div> <!-- test-method -->
              <div class="test-method">
                <img src="failed.png">
                </img>
                <span class="method-name">Test_01(a"b(c)d,e:f;g<h>i[j\k]l@example.com, None of the special characters in local part are allowed outsid...)</span>
                <span class="method-start">28579 ms</span>
              </div> <!-- test-method -->
              <div class="test-method">
                <img src="failed.png">
                </img>
                <span class="method-name">Test_01(just"not"right@example.com, Quoted strings must be dot separated or the only element making up the l...)</span>
                <span class="method-start">36954 ms</span>
              </div> <!-- test-method -->
              <div class="test-method">
                <img src="failed.png">
                </img>
                <span class="method-name">Test_01(john..doe@example.com, Double dot is not allowed before '@' symbol!)</span>
                <span class="method-start">45593 ms</span>
              </div> <!-- test-method -->
              <div class="test-method">
                <img src="failed.png">
                </img>
                <span class="method-name">Test_01(john.doe@example..com, Double dot is not allowed after '@' symbol!)</span>
                <span class="method-start">54087 ms</span>
              </div> <!-- test-method -->
              <div class="test-method">
                <img src="failed.png">
                </img>
                <span class="method-name">Test_01(abc, Email address should match current format: username@domain.)</span>
                <span class="method-start">62432 ms</span>
              </div> <!-- test-method -->
              <div class="configuration-test after">
                <img src="failed.png">
                </img>
                <span class="method-name">closePage</span>
                <span class="method-start">71160 ms</span>
              </div> <!-- configuration-test after -->
          </div> <!-- main-panel-content rounded-window-bottom -->
        </div> <!-- panel -->
      </div> <!-- main-panel-root -->
    </div> <!-- wrapper -->
  </body>
</html>
